<?xml version="1.0" encoding="UTF-8"?><testsuite errors="0" failures="0" name="To test the Banking Application." skipped="0" tests="9" time="24.35" timestamp="2020-09-254 08:55:58"><testcase name="To check how many accounts are present."/><testcase name="To check account is deleted"/><testcase name="To check account details of"/><testcase name="To check account details of id=3,4"/><testcase name="To display joint account details"/><testcase name="To sort the details"/><testcase name="To paginate the details"/><testcase name="To check how many account number ends with 02"/><testcase name="To check how many accounts are greater than 200000"/></testsuite>