<?xml version="1.0" encoding="UTF-8"?><testsuite errors="1" failures="0" name="To test the Banking Application." skipped="0" tests="1" time="7.19" timestamp="2020-09-253 09:36:20"><testcase name="To sort the details"><error message="Cannot set a request body for a GET method" type="java.lang.IllegalArgumentException">Cannot set a request body for a GET method</error><system-err>Cannot set a request body for a GET method&#13;
groovy.lang.MetaMethod.doMethodInvoke(MetaMethod.java:323)&#13;
groovy.lang.MetaClassImpl.setProperty(MetaClassImpl.java:2823)&#13;
groovy.lang.MetaClassImpl.setProperty(MetaClassImpl.java:3839)&#13;
groovy.lang.Closure.setPropertyTryThese(Closure.java:377)&#13;
groovy.lang.Closure.setPropertyDelegateFirst(Closure.java:367)&#13;
groovy.lang.Closure.setProperty(Closure.java:348)&#13;
groovy.lang.MetaMethod.doMethodInvoke(MetaMethod.java:323)&#13;
groovy.lang.MetaClassImpl.invokeMethod(MetaClassImpl.java:1029)&#13;
groovy.lang.Closure.call(Closure.java:412)&#13;
groovy.lang.Closure.call(Closure.java:428)&#13;
groovy.lang.MetaMethod.doMethodInvoke(MetaMethod.java:323)&#13;
groovy.lang.MetaClassImpl.invokeMethod(MetaClassImpl.java:1262)&#13;
groovy.lang.MetaClassImpl.invokeMethod(MetaClassImpl.java:1029)&#13;
groovy.lang.MetaClassImpl.invokeMethod(MetaClassImpl.java:816)&#13;
groovy.lang.MetaMethod.doMethodInvoke(MetaMethod.java:323)&#13;
groovy.lang.MetaClassImpl.invokeMethod(MetaClassImpl.java:1262)&#13;
groovy.lang.MetaClassImpl.invokeMethod(MetaClassImpl.java:1029)&#13;
groovy.lang.MetaClassImpl.invokeMethod(MetaClassImpl.java:816)&#13;
net.serenitybdd.rest.filters.FieldsRecordingFilter.filter(FieldsRecordingFilter.java:40)&#13;
net.serenitybdd.rest.filters.FieldsRecordingFilter.filter(FieldsRecordingFilter.java:40)&#13;
net.serenitybdd.rest.filters.FieldsRecordingFilter.filter(FieldsRecordingFilter.java:40)&#13;
net.serenitybdd.rest.filters.FieldsRecordingFilter.filter(FieldsRecordingFilter.java:40)&#13;
net.serenitybdd.rest.filters.FieldsRecordingFilter.filter(FieldsRecordingFilter.java:40)&#13;
net.serenitybdd.rest.filters.FieldsRecordingFilter.filter(FieldsRecordingFilter.java:40)&#13;
groovy.lang.MetaMethod.doMethodInvoke(MetaMethod.java:323)&#13;
groovy.lang.MetaClassImpl.invokeMethod(MetaClassImpl.java:1262)&#13;
groovy.lang.MetaClassImpl.invokeMethod(MetaClassImpl.java:1029)&#13;
groovy.lang.MetaClassImpl.invokeMethod(MetaClassImpl.java:816)&#13;
groovy.lang.MetaMethod.doMethodInvoke(MetaMethod.java:323)&#13;
groovy.lang.MetaClassImpl.invokeMethod(MetaClassImpl.java:1262)&#13;
groovy.lang.MetaClassImpl.invokeMethod(MetaClassImpl.java:1029)&#13;
groovy.lang.MetaClassImpl.invokeMethod(MetaClassImpl.java:816)&#13;
net.serenitybdd.rest.decorators.request.RequestSpecificationDecorated.execute(RequestSpecificationDecorated.java:225)&#13;
net.serenitybdd.rest.decorators.request.RequestSpecificationDecorated.get(RequestSpecificationDecorated.java:46)&#13;
net.serenitybdd.rest.decorators.request.RequestSpecificationDecorated.get(RequestSpecificationDecorated.java:25)&#13;
com.cts.apis.Apibank.SortDetails(Apibank.java:201)&#13;
com.cts.stepdefinition.Stepdef.the_user_send_resquest_to_sort_details(Stepdef.java:154)&#13;
✽.When the user send resquest to sort details(src/test/resources/resources/api.feature:90)&#13;
</system-err></testcase></testsuite>